<?xml version="1.0" encoding="UTF-8"?>
<!-- Generated by org.testng.reporters.JUnitXMLReporter -->
<testsuite ignored="0" hostname="QASIM-JAVED" failures="0" tests="2" name="Complete test run" time="18.905" errors="0" timestamp="2022-04-04T17:52:32 PKT">
  <testcase classname="io.cucumber.testng.AbstractTestNGCucumberTests" name="runScenario" time="11.055"/>
  <testcase classname="io.cucumber.testng.AbstractTestNGCucumberTests" name="runScenario" time="7.311"/>
</testsuite> <!-- Complete test run -->
